<?xml version="1.0" encoding="UTF-8"?>
<!-- Generated by org.testng.reporters.JUnitReportReporter -->
<testsuite hostname="DESKTOP-LSU9DI9" failures="0" tests="1" name="testCases.TC_01_AccountRegistrationTest" time="2.488" errors="0" timestamp="2025-07-27T14:33:41 IST" skipped="0">
  <testcase classname="testCases.TC_01_AccountRegistrationTest" name="verify_account_registration" time="2.488"/>
</testsuite> <!-- testCases.TC_01_AccountRegistrationTest -->
