<?xml version="1.0" encoding="UTF-8"?>
<!-- Generated by org.testng.reporters.JUnitReportReporter -->
<testsuite hostname="DESKTOP-LSU9DI9" failures="0" tests="1" name="testCases.TC_02_LoginTest" time="1.646" errors="0" timestamp="2025-07-27T14:33:41 IST" skipped="0">
  <testcase classname="testCases.TC_02_LoginTest" name="verify_login" time="1.646"/>
</testsuite> <!-- testCases.TC_02_LoginTest -->
