<?xml version="1.0" encoding="UTF-8"?>
<!-- Generated by org.testng.reporters.JUnitReportReporter -->
<testsuite hostname="DESKTOP-LSU9DI9" failures="0" tests="1" name="testCases.TC_02_LoginTest" time="2.083" errors="0" timestamp="2025-07-30T00:00:03 IST" skipped="0">
  <testcase classname="testCases.TC_02_LoginTest" name="verify_login" time="2.083"/>
</testsuite> <!-- testCases.TC_02_LoginTest -->
